<?xml version="1.0" encoding="UTF-8"?>
<robot generator="Robot 6.1 (Python 3.11.4 on win32)" generated="20230726 20:54:23.156" rpa="false" schemaversion="4">
<suite id="s1" name="Panelscout Robotframework" source="C:\Users\Admin\Desktop\Dare IT testy automatyczne\Project\panelscout_robotframework">
<suite id="s1-s1" name="Test Add Player" source="C:\Users\Admin\Desktop\Dare IT testy automatyczne\Project\panelscout_robotframework\test_add_player.robot">
<test id="s1-s1-t1" name="Login to the system" line="32">
<kw name="Open Login Page">
<kw name="Open Browser" library="SeleniumLibrary">
<arg>${LOGIN URL}</arg>
<arg>${BROWSER}</arg>
<doc>Opens a new browser instance to the optional ``url``.</doc>
<msg timestamp="20230726 20:54:23.327" level="INFO">Opening browser 'Chrome' to base url 'https://scouts-test.futbolkolektyw.pl/en'.</msg>
<status status="PASS" starttime="20230726 20:54:23.327" endtime="20230726 20:54:24.905"/>
</kw>
<kw name="Title Should Be" library="SeleniumLibrary">
<arg>Scouts panel - sign in</arg>
<doc>Verifies that the current page title equals ``title``.</doc>
<msg timestamp="20230726 20:54:24.910" level="INFO">Page title is 'Scouts panel - sign in'.</msg>
<status status="PASS" starttime="20230726 20:54:24.905" endtime="20230726 20:54:24.910"/>
</kw>
<status status="PASS" starttime="20230726 20:54:23.326" endtime="20230726 20:54:24.910"/>
</kw>
<kw name="Type In Email">
<kw name="Input Text" library="SeleniumLibrary">
<arg>${EMAILINPUT}</arg>
<arg>user07@getnada.com</arg>
<doc>Types the given ``text`` into the text field identified by ``locator``.</doc>
<msg timestamp="20230726 20:54:24.911" level="INFO">Typing text 'user07@getnada.com' into text field 'xpath=//*[@id='login']'.</msg>
<status status="PASS" starttime="20230726 20:54:24.911" endtime="20230726 20:54:25.054"/>
</kw>
<status status="PASS" starttime="20230726 20:54:24.910" endtime="20230726 20:54:25.054"/>
</kw>
<kw name="Type In Password">
<kw name="Input Text" library="SeleniumLibrary">
<arg>${PASSWORDINPUT}</arg>
<arg>Test-1234</arg>
<doc>Types the given ``text`` into the text field identified by ``locator``.</doc>
<msg timestamp="20230726 20:54:25.055" level="INFO">Typing text 'Test-1234' into text field 'xpath=//*[@id='password']'.</msg>
<status status="PASS" starttime="20230726 20:54:25.055" endtime="20230726 20:54:25.145"/>
</kw>
<status status="PASS" starttime="20230726 20:54:25.054" endtime="20230726 20:54:25.145"/>
</kw>
<kw name="Click On Submit Button">
<kw name="Click Element" library="SeleniumLibrary">
<arg>${SIGNINBUTTON}</arg>
<doc>Click the element identified by ``locator``.</doc>
<msg timestamp="20230726 20:54:25.146" level="INFO">Clicking element 'xpath=//*[(text()= 'Sign in')]'.</msg>
<status status="PASS" starttime="20230726 20:54:25.145" endtime="20230726 20:54:25.189"/>
</kw>
<status status="PASS" starttime="20230726 20:54:25.145" endtime="20230726 20:54:25.189"/>
</kw>
<kw name="Click on Add Player Button">
<kw name="Wait Until Element Is Visible" library="SeleniumLibrary">
<arg>${ADDPLAYERBUTTON}</arg>
<doc>Waits until the element ``locator`` is visible.</doc>
<status status="PASS" starttime="20230726 20:54:25.190" endtime="20230726 20:54:27.506"/>
</kw>
<kw name="Click Element" library="SeleniumLibrary">
<arg>${ADDPLAYERBUTTON}</arg>
<doc>Click the element identified by ``locator``.</doc>
<msg timestamp="20230726 20:54:27.506" level="INFO">Clicking element 'xpath=//*[text()='Add player']'.</msg>
<status status="PASS" starttime="20230726 20:54:27.506" endtime="20230726 20:54:27.545"/>
</kw>
<status status="PASS" starttime="20230726 20:54:25.190" endtime="20230726 20:54:27.546"/>
</kw>
<kw name="Type In Email Input">
<kw name="Wait Until Element Is Visible" library="SeleniumLibrary">
<arg>${EMAILINPUT2}</arg>
<doc>Waits until the element ``locator`` is visible.</doc>
<status status="PASS" starttime="20230726 20:54:27.546" endtime="20230726 20:54:27.630"/>
</kw>
<kw name="Input Text" library="SeleniumLibrary">
<arg>${EMAILINPUT2}</arg>
<arg>user123@gmail.com</arg>
<doc>Types the given ``text`` into the text field identified by ``locator``.</doc>
<msg timestamp="20230726 20:54:27.631" level="INFO">Typing text 'user123@gmail.com' into text field 'xpath=//div/input[@name='email']'.</msg>
<status status="PASS" starttime="20230726 20:54:27.630" endtime="20230726 20:54:27.734"/>
</kw>
<status status="PASS" starttime="20230726 20:54:27.546" endtime="20230726 20:54:27.734"/>
</kw>
<kw name="Type In Name">
<kw name="Input Text" library="SeleniumLibrary">
<arg>${NAME}</arg>
<arg>Maria</arg>
<doc>Types the given ``text`` into the text field identified by ``locator``.</doc>
<msg timestamp="20230726 20:54:27.735" level="INFO">Typing text 'Maria' into text field 'xpath=//div/input[@name='name']'.</msg>
<status status="PASS" starttime="20230726 20:54:27.735" endtime="20230726 20:54:27.818"/>
</kw>
<status status="PASS" starttime="20230726 20:54:27.734" endtime="20230726 20:54:27.819"/>
</kw>
<kw name="Type In Surname">
<kw name="Input Text" library="SeleniumLibrary">
<arg>${SURNAME}</arg>
<arg>Wieczorek</arg>
<doc>Types the given ``text`` into the text field identified by ``locator``.</doc>
<msg timestamp="20230726 20:54:27.820" level="INFO">Typing text 'Wieczorek' into text field 'xpath=//div/input[@name='surname']'.</msg>
<status status="PASS" starttime="20230726 20:54:27.819" endtime="20230726 20:54:27.912"/>
</kw>
<status status="PASS" starttime="20230726 20:54:27.819" endtime="20230726 20:54:27.912"/>
</kw>
<kw name="Type In Phone">
<kw name="Input Text" library="SeleniumLibrary">
<arg>${PHONE}</arg>
<arg>+48666254888</arg>
<doc>Types the given ``text`` into the text field identified by ``locator``.</doc>
<msg timestamp="20230726 20:54:27.913" level="INFO">Typing text '+48666254888' into text field 'xpath=//div/input[@name='phone']'.</msg>
<status status="PASS" starttime="20230726 20:54:27.912" endtime="20230726 20:54:28.011"/>
</kw>
<status status="PASS" starttime="20230726 20:54:27.912" endtime="20230726 20:54:28.011"/>
</kw>
<kw name="Type In Weight">
<kw name="Input Text" library="SeleniumLibrary">
<arg>${WEIGHT}</arg>
<arg>50</arg>
<doc>Types the given ``text`` into the text field identified by ``locator``.</doc>
<msg timestamp="20230726 20:54:28.012" level="INFO">Typing text '50' into text field 'xpath=//div/input[@name='weight']'.</msg>
<status status="PASS" starttime="20230726 20:54:28.012" endtime="20230726 20:54:28.092"/>
</kw>
<status status="PASS" starttime="20230726 20:54:28.011" endtime="20230726 20:54:28.092"/>
</kw>
<kw name="Type In Height">
<kw name="Input Text" library="SeleniumLibrary">
<arg>${HEIGHT}</arg>
<arg>164</arg>
<doc>Types the given ``text`` into the text field identified by ``locator``.</doc>
<msg timestamp="20230726 20:54:28.093" level="INFO">Typing text '164' into text field 'xpath=//div/input[@name='height']'.</msg>
<status status="PASS" starttime="20230726 20:54:28.093" endtime="20230726 20:54:28.172"/>
</kw>
<status status="PASS" starttime="20230726 20:54:28.092" endtime="20230726 20:54:28.172"/>
</kw>
<kw name="Type In Age">
<kw name="Input Text" library="SeleniumLibrary">
<arg>${AGE}</arg>
<arg>12122023</arg>
<doc>Types the given ``text`` into the text field identified by ``locator``.</doc>
<msg timestamp="20230726 20:54:28.173" level="INFO">Typing text '12122023' into text field 'xpath=//div/input[@name='age']'.</msg>
<status status="PASS" starttime="20230726 20:54:28.173" endtime="20230726 20:54:28.250"/>
</kw>
<status status="PASS" starttime="20230726 20:54:28.173" endtime="20230726 20:54:28.250"/>
</kw>
<kw name="Type In Club">
<kw name="Input Text" library="SeleniumLibrary">
<arg>${CLUB}</arg>
<arg>Swój</arg>
<doc>Types the given ``text`` into the text field identified by ``locator``.</doc>
<msg timestamp="20230726 20:54:28.251" level="INFO">Typing text 'Swój' into text field 'xpath=//div/input[@name='club']'.</msg>
<status status="PASS" starttime="20230726 20:54:28.250" endtime="20230726 20:54:28.334"/>
</kw>
<status status="PASS" starttime="20230726 20:54:28.250" endtime="20230726 20:54:28.334"/>
</kw>
<kw name="Type In Level">
<kw name="Input Text" library="SeleniumLibrary">
<arg>${LEVEL}</arg>
<arg>99</arg>
<doc>Types the given ``text`` into the text field identified by ``locator``.</doc>
<msg timestamp="20230726 20:54:28.335" level="INFO">Typing text '99' into text field 'xpath=//div/input[@name='level']'.</msg>
<status status="PASS" starttime="20230726 20:54:28.335" endtime="20230726 20:54:28.412"/>
</kw>
<status status="PASS" starttime="20230726 20:54:28.334" endtime="20230726 20:54:28.412"/>
</kw>
<kw name="Type In Main Position">
<kw name="Input Text" library="SeleniumLibrary">
<arg>${MAINPOSITION}</arg>
<arg>Zawsze</arg>
<doc>Types the given ``text`` into the text field identified by ``locator``.</doc>
<msg timestamp="20230726 20:54:28.413" level="INFO">Typing text 'Zawsze' into text field 'xpath=//div/input[@name='mainPosition']'.</msg>
<status status="PASS" starttime="20230726 20:54:28.413" endtime="20230726 20:54:28.496"/>
</kw>
<status status="PASS" starttime="20230726 20:54:28.412" endtime="20230726 20:54:28.496"/>
</kw>
<kw name="Type In Second Position">
<kw name="Input Text" library="SeleniumLibrary">
<arg>${SECONDPOSITION}</arg>
<arg>Nigdy</arg>
<doc>Types the given ``text`` into the text field identified by ``locator``.</doc>
<msg timestamp="20230726 20:54:28.498" level="INFO">Typing text 'Nigdy' into text field 'xpath=//div/input[@name='secondPosition']'.</msg>
<status status="PASS" starttime="20230726 20:54:28.497" endtime="20230726 20:54:28.583"/>
</kw>
<status status="PASS" starttime="20230726 20:54:28.497" endtime="20230726 20:54:28.583"/>
</kw>
<kw name="Select Leg">
<kw name="Click Element" library="SeleniumLibrary">
<arg>${SELECDLEG}</arg>
<doc>Click the element identified by ``locator``.</doc>
<msg timestamp="20230726 20:54:28.584" level="INFO">Clicking element 'xpath=//*[@id='mui-component-select-leg']'.</msg>
<status status="PASS" starttime="20230726 20:54:28.583" endtime="20230726 20:54:28.634"/>
</kw>
<kw name="Wait Until Element Is Visible" library="SeleniumLibrary">
<arg>${RIGHTLEG}</arg>
<doc>Waits until the element ``locator`` is visible.</doc>
<status status="PASS" starttime="20230726 20:54:28.634" endtime="20230726 20:54:28.872"/>
</kw>
<kw name="Click Element" library="SeleniumLibrary">
<arg>${RIGHTLEG}</arg>
<doc>Click the element identified by ``locator``.</doc>
<msg timestamp="20230726 20:54:28.873" level="INFO">Clicking element 'xpath=//li[1]'.</msg>
<status status="PASS" starttime="20230726 20:54:28.872" endtime="20230726 20:54:28.914"/>
</kw>
<status status="PASS" starttime="20230726 20:54:28.583" endtime="20230726 20:54:28.914"/>
</kw>
<kw name="Select District">
<kw name="Click Element" library="SeleniumLibrary">
<arg>${SELECDISTRICT}</arg>
<doc>Click the element identified by ``locator``.</doc>
<msg timestamp="20230726 20:54:28.915" level="INFO">Clicking element 'xpath=//*[@id='mui-component-select-district']'.</msg>
<status status="PASS" starttime="20230726 20:54:28.915" endtime="20230726 20:54:29.216"/>
</kw>
<kw name="Wait Until Element Is Visible" library="SeleniumLibrary">
<arg>${LESSERPOLAND}</arg>
<doc>Waits until the element ``locator`` is visible.</doc>
<status status="PASS" starttime="20230726 20:54:29.216" endtime="20230726 20:54:29.451"/>
</kw>
<kw name="Click Element" library="SeleniumLibrary">
<arg>${LESSERPOLAND}</arg>
<doc>Click the element identified by ``locator``.</doc>
<msg timestamp="20230726 20:54:29.451" level="INFO">Clicking element 'xpath=//*[@data-value='malopolskie']'.</msg>
<status status="PASS" starttime="20230726 20:54:29.451" endtime="20230726 20:54:29.497"/>
</kw>
<status status="PASS" starttime="20230726 20:54:28.915" endtime="20230726 20:54:29.497"/>
</kw>
<kw name="Type In Leczy Nas Pilka">
<kw name="Wait Until Element Is Visible" library="SeleniumLibrary">
<arg>${LACZYNASPILKA}</arg>
<doc>Waits until the element ``locator`` is visible.</doc>
<status status="PASS" starttime="20230726 20:54:29.498" endtime="20230726 20:54:29.517"/>
</kw>
<kw name="Input Text" library="SeleniumLibrary">
<arg>${LACZYNASPILKA}</arg>
<arg>laczynaspilka.pl/strona-glowna</arg>
<doc>Types the given ``text`` into the text field identified by ``locator``.</doc>
<msg timestamp="20230726 20:54:29.517" level="INFO">Typing text 'laczynaspilka.pl/strona-glowna' into text field 'xpath=//*[@name='webLaczy']'.</msg>
<status status="PASS" starttime="20230726 20:54:29.517" endtime="20230726 20:54:29.647"/>
</kw>
<status status="PASS" starttime="20230726 20:54:29.498" endtime="20230726 20:54:29.647"/>
</kw>
<kw name="Type In Minut">
<kw name="Wait Until Element Is Visible" library="SeleniumLibrary">
<arg>${MINUT}</arg>
<doc>Waits until the element ``locator`` is visible.</doc>
<status status="PASS" starttime="20230726 20:54:29.648" endtime="20230726 20:54:29.666"/>
</kw>
<kw name="Input Text" library="SeleniumLibrary">
<arg>${MINUT}</arg>
<arg>laczynaspilka.pl/strona-glowna</arg>
<doc>Types the given ``text`` into the text field identified by ``locator``.</doc>
<msg timestamp="20230726 20:54:29.666" level="INFO">Typing text 'laczynaspilka.pl/strona-glowna' into text field 'xpath=//div/input[@name='web90']'.</msg>
<status status="PASS" starttime="20230726 20:54:29.666" endtime="20230726 20:54:29.786"/>
</kw>
<status status="PASS" starttime="20230726 20:54:29.648" endtime="20230726 20:54:29.786"/>
</kw>
<kw name="Click In Submit Button Add Player">
<kw name="Click Element" library="SeleniumLibrary">
<arg>${BUTTONADDPLAYER}</arg>
<doc>Click the element identified by ``locator``.</doc>
<msg timestamp="20230726 20:54:29.787" level="INFO">Clicking element 'xpath=//*[@type='submit']'.</msg>
<status status="PASS" starttime="20230726 20:54:29.787" endtime="20230726 20:54:29.914"/>
</kw>
<status status="PASS" starttime="20230726 20:54:29.787" endtime="20230726 20:54:29.914"/>
</kw>
<kw name="Close Browser" library="SeleniumLibrary" type="TEARDOWN">
<doc>Closes the current browser.</doc>
<status status="PASS" starttime="20230726 20:54:29.914" endtime="20230726 20:54:32.007"/>
</kw>
<status status="PASS" starttime="20230726 20:54:23.326" endtime="20230726 20:54:32.008"/>
</test>
<doc>Suite description</doc>
<status status="PASS" starttime="20230726 20:54:23.174" endtime="20230726 20:54:32.010"/>
</suite>
<status status="PASS" starttime="20230726 20:54:23.157" endtime="20230726 20:54:32.012"/>
</suite>
<statistics>
<total>
<stat pass="1" fail="0" skip="0">All Tests</stat>
</total>
<tag>
</tag>
<suite>
<stat pass="1" fail="0" skip="0" id="s1" name="Panelscout Robotframework">Panelscout Robotframework</stat>
<stat pass="1" fail="0" skip="0" id="s1-s1" name="Test Add Player">Panelscout Robotframework.Test Add Player</stat>
</suite>
</statistics>
<errors>
</errors>
</robot>
