<?xml version="1.0" encoding="UTF-8"?>
<robot generator="Robot 6.1 (Python 3.11.4 on win32)" generated="20230725 22:18:50.309" rpa="false" schemaversion="4">
<suite id="s1" name="Panelscout Robotframework" source="C:\Users\Admin\Desktop\Dare IT testy automatyczne\Project\panelscout_robotframework">
<suite id="s1-s1" name="Test Login Rf" source="C:\Users\Admin\Desktop\Dare IT testy automatyczne\Project\panelscout_robotframework\test_login_rf.robot">
<test id="s1-s1-t1" name="Login to the system" line="16">
<kw name="Open Login Page">
<kw name="Open Browser" library="SeleniumLibrary">
<arg>${LOGIN URL}</arg>
<arg>${BROWSER}</arg>
<doc>Opens a new browser instance to the optional ``url``.</doc>
<msg timestamp="20230725 22:18:50.478" level="INFO">Opening browser 'Chrome' to base url 'https://scouts-test.futbolkolektyw.pl/en'.</msg>
<status status="PASS" starttime="20230725 22:18:50.478" endtime="20230725 22:18:52.183"/>
</kw>
<kw name="Title Should Be" library="SeleniumLibrary">
<arg>Scouts panel - sign in</arg>
<doc>Verifies that the current page title equals ``title``.</doc>
<msg timestamp="20230725 22:18:52.188" level="INFO">Page title is 'Scouts panel - sign in'.</msg>
<status status="PASS" starttime="20230725 22:18:52.183" endtime="20230725 22:18:52.188"/>
</kw>
<status status="PASS" starttime="20230725 22:18:50.478" endtime="20230725 22:18:52.188"/>
</kw>
<kw name="Type In Email">
<kw name="Input Text" library="SeleniumLibrary">
<arg>${EMAILINPUT}</arg>
<arg>user07@getnada.com</arg>
<doc>Types the given ``text`` into the text field identified by ``locator``.</doc>
<msg timestamp="20230725 22:18:52.189" level="INFO">Typing text 'user07@getnada.com' into text field 'xpath=//*[@id='login']'.</msg>
<status status="PASS" starttime="20230725 22:18:52.189" endtime="20230725 22:18:52.347"/>
</kw>
<status status="PASS" starttime="20230725 22:18:52.188" endtime="20230725 22:18:52.347"/>
</kw>
<kw name="Type In Password">
<kw name="Input Text" library="SeleniumLibrary">
<arg>${PASSWORDINPUT}</arg>
<arg>Test1234</arg>
<doc>Types the given ``text`` into the text field identified by ``locator``.</doc>
<msg timestamp="20230725 22:18:52.348" level="INFO">Typing text 'Test1234' into text field 'xpath=//*[@id='password']'.</msg>
<status status="PASS" starttime="20230725 22:18:52.348" endtime="20230725 22:18:52.427"/>
</kw>
<status status="PASS" starttime="20230725 22:18:52.347" endtime="20230725 22:18:52.427"/>
</kw>
<kw name="Click On Submit Button">
<kw name="Click Element" library="SeleniumLibrary">
<arg>${SIGNINBUTTON}</arg>
<doc>Click the element identified by ``locator``.</doc>
<msg timestamp="20230725 22:18:52.428" level="INFO">Clicking element 'xpath=//*[(text()= 'Sign in')]'.</msg>
<status status="PASS" starttime="20230725 22:18:52.428" endtime="20230725 22:18:52.468"/>
</kw>
<status status="PASS" starttime="20230725 22:18:52.428" endtime="20230725 22:18:52.468"/>
</kw>
<kw name="Click On Remind Button">
<kw name="Wait Until Element Is Visible" library="SeleniumLibrary">
<arg>${REMINDPASSWORD}</arg>
<doc>Waits until the element ``locator`` is visible.</doc>
<status status="PASS" starttime="20230725 22:18:52.469" endtime="20230725 22:18:52.489"/>
</kw>
<kw name="Click Element" library="SeleniumLibrary">
<arg>${REMINDPASSWORD}</arg>
<doc>Click the element identified by ``locator``.</doc>
<msg timestamp="20230725 22:18:52.490" level="INFO">Clicking element 'xpath=//div/a[text()='Remind password']'.</msg>
<status status="PASS" starttime="20230725 22:18:52.490" endtime="20230725 22:18:52.535"/>
</kw>
<status status="PASS" starttime="20230725 22:18:52.468" endtime="20230725 22:18:52.536"/>
</kw>
<kw name="Type In Email Remaind Password">
<kw name="Input Text" library="SeleniumLibrary">
<arg>${REMINDEMAILINPUT}</arg>
<arg>izabelagorz@gmail.com</arg>
<doc>Types the given ``text`` into the text field identified by ``locator``.</doc>
<msg timestamp="20230725 22:18:52.536" level="INFO">Typing text 'izabelagorz@gmail.com' into text field 'xpath=//input'.</msg>
<status status="PASS" starttime="20230725 22:18:52.536" endtime="20230725 22:18:52.633"/>
</kw>
<status status="PASS" starttime="20230725 22:18:52.536" endtime="20230725 22:18:52.633"/>
</kw>
<kw name="Assert Dashboard">
<kw name="Title Should Be" library="SeleniumLibrary">
<arg>Remind password</arg>
<doc>Verifies that the current page title equals ``title``.</doc>
<msg timestamp="20230725 22:18:52.637" level="INFO">Page title is 'Remind password'.</msg>
<status status="PASS" starttime="20230725 22:18:52.634" endtime="20230725 22:18:52.637"/>
</kw>
<kw name="Capture Page Screenshot" library="SeleniumLibrary">
<arg>alert2.png</arg>
<doc>Takes a screenshot of the current page and embeds it into a log file.</doc>
<msg timestamp="20230725 22:18:52.779" level="INFO" html="true">&lt;/td&gt;&lt;/tr&gt;&lt;tr&gt;&lt;td colspan="3"&gt;&lt;a href="alert2.png"&gt;&lt;img src="alert2.png" width="800px"&gt;&lt;/a&gt;</msg>
<status status="PASS" starttime="20230725 22:18:52.637" endtime="20230725 22:18:52.779"/>
</kw>
<status status="PASS" starttime="20230725 22:18:52.634" endtime="20230725 22:18:52.779"/>
</kw>
<kw name="Close Browser" library="SeleniumLibrary" type="TEARDOWN">
<doc>Closes the current browser.</doc>
<status status="PASS" starttime="20230725 22:18:52.780" endtime="20230725 22:18:54.857"/>
</kw>
<status status="PASS" starttime="20230725 22:18:50.477" endtime="20230725 22:18:54.858"/>
</test>
<doc>Suite description</doc>
<status status="PASS" starttime="20230725 22:18:50.327" endtime="20230725 22:18:54.859"/>
</suite>
<status status="PASS" starttime="20230725 22:18:50.310" endtime="20230725 22:18:54.860"/>
</suite>
<statistics>
<total>
<stat pass="1" fail="0" skip="0">All Tests</stat>
</total>
<tag>
</tag>
<suite>
<stat pass="1" fail="0" skip="0" id="s1" name="Panelscout Robotframework">Panelscout Robotframework</stat>
<stat pass="1" fail="0" skip="0" id="s1-s1" name="Test Login Rf">Panelscout Robotframework.Test Login Rf</stat>
</suite>
</statistics>
<errors>
</errors>
</robot>
